<?xml version="1.0" encoding="UTF-8"?>
<!-- Generated by org.testng.reporters.JUnitReportReporter -->
<testsuite hostname="chauthai" failures="0" tests="1" name="Toan" time="0.004" errors="0" timestamp="2022-11-02T00:33:00 EDT" skipped="0">
  <testcase classname="Toan" name="method" time="0.004"/>
  <system-out/>
</testsuite> <!-- Toan -->
